CRITICAL - 2023-05-06 18:43:26 --> Undefined variable $hola
in APPPATH\Views\libros\editar.php on line 3.
 1 APPPATH\Views\libros\editar.php(3): CodeIgniter\Debug\Exceptions->errorHandler(2, 'Undefined variable $hola', 'C:\\xampp\\htdocs\\biblioteca\\app\\Views\\libros\\editar.php', 3)
 2 SYSTEMPATH\View\View.php(213): include('C:\\xampp\\htdocs\\biblioteca\\app\\Views\\libros\\editar.php')
 3 SYSTEMPATH\View\View.php(216): CodeIgniter\View\View->CodeIgniter\View\{closure}()
 4 SYSTEMPATH\Common.php(1184): CodeIgniter\View\View->render('libros/editar', [], true)
 5 APPPATH\Controllers\Libros.php(73): view('libros/editar', [...])
 6 SYSTEMPATH\CodeIgniter.php(934): App\Controllers\Libros->editar('7')
 7 SYSTEMPATH\CodeIgniter.php(499): CodeIgniter\CodeIgniter->runController(Object(App\Controllers\Libros))
 8 SYSTEMPATH\CodeIgniter.php(368): CodeIgniter\CodeIgniter->handleRequest(null, Object(Config\Cache), false)
 9 FCPATH\index.php(67): CodeIgniter\CodeIgniter->run()
CRITICAL - 2023-05-06 18:43:54 --> Undefined variable $datos
in APPPATH\Views\libros\editar.php on line 3.
 1 APPPATH\Views\libros\editar.php(3): CodeIgniter\Debug\Exceptions->errorHandler(2, 'Undefined variable $datos', 'C:\\xampp\\htdocs\\biblioteca\\app\\Views\\libros\\editar.php', 3)
 2 SYSTEMPATH\View\View.php(213): include('C:\\xampp\\htdocs\\biblioteca\\app\\Views\\libros\\editar.php')
 3 SYSTEMPATH\View\View.php(216): CodeIgniter\View\View->CodeIgniter\View\{closure}()
 4 SYSTEMPATH\Common.php(1184): CodeIgniter\View\View->render('libros/editar', [], true)
 5 APPPATH\Controllers\Libros.php(73): view('libros/editar', [...])
 6 SYSTEMPATH\CodeIgniter.php(934): App\Controllers\Libros->editar('7')
 7 SYSTEMPATH\CodeIgniter.php(499): CodeIgniter\CodeIgniter->runController(Object(App\Controllers\Libros))
 8 SYSTEMPATH\CodeIgniter.php(368): CodeIgniter\CodeIgniter->handleRequest(null, Object(Config\Cache), false)
 9 FCPATH\index.php(67): CodeIgniter\CodeIgniter->run()
CRITICAL - 2023-05-06 18:43:56 --> Undefined variable $datos
in APPPATH\Views\libros\editar.php on line 3.
 1 APPPATH\Views\libros\editar.php(3): CodeIgniter\Debug\Exceptions->errorHandler(2, 'Undefined variable $datos', 'C:\\xampp\\htdocs\\biblioteca\\app\\Views\\libros\\editar.php', 3)
 2 SYSTEMPATH\View\View.php(213): include('C:\\xampp\\htdocs\\biblioteca\\app\\Views\\libros\\editar.php')
 3 SYSTEMPATH\View\View.php(216): CodeIgniter\View\View->CodeIgniter\View\{closure}()
 4 SYSTEMPATH\Common.php(1184): CodeIgniter\View\View->render('libros/editar', [], true)
 5 APPPATH\Controllers\Libros.php(73): view('libros/editar', [...])
 6 SYSTEMPATH\CodeIgniter.php(934): App\Controllers\Libros->editar('7')
 7 SYSTEMPATH\CodeIgniter.php(499): CodeIgniter\CodeIgniter->runController(Object(App\Controllers\Libros))
 8 SYSTEMPATH\CodeIgniter.php(368): CodeIgniter\CodeIgniter->handleRequest(null, Object(Config\Cache), false)
 9 FCPATH\index.php(67): CodeIgniter\CodeIgniter->run()
